============================= test session starts =============================
platform win32 -- Python 3.12.10, pytest-9.0.2, pluggy-1.6.0
rootdir: E:\MAVERICKS\Crexito_Scrape_Github\Crexito_Scrape_Module\backend
plugins: anyio-3.7.1, asyncio-1.3.0
asyncio: mode=Mode.STRICT, debug=False, asyncio_default_fixture_loop_scope=None, asyncio_default_test_loop_scope=function
collected 8 items

tests\test_integration_engine.py ..                                      [ 25%]
tests\test_unit_enrichment.py ....                                       [ 75%]
tests\test_unit_llm.py ..                                                [100%]

============================== 8 passed in 7.60s ==============================
